<?xml version="1.0" encoding="UTF-8"?>
<coverage generated="1596559808283" clover="3.2.0">
  <project timestamp="1596559808283" name="All files">
    <metrics statements="40" coveredstatements="39" conditionals="12" coveredconditionals="9" methods="18" coveredmethods="14" elements="70" coveredelements="62" complexity="0" loc="40" ncloc="40" packages="2" files="6" classes="6"/>
    <package name="src">
      <metrics statements="32" coveredstatements="31" conditionals="8" coveredconditionals="5" methods="13" coveredmethods="9"/>
      <file name="exercise-01.js" path="/Users/verk/Documents/WebDev/Javascript/exercises-js/src/exercise-01.js">
        <metrics statements="16" coveredstatements="15" conditionals="4" coveredconditionals="2" methods="7" coveredmethods="5"/>
        <line num="2" count="7" type="stmt"/>
        <line num="3" count="0" type="cond" truecount="0" falsecount="2"/>
        <line num="5" count="1" type="stmt"/>
        <line num="15" count="1" type="stmt"/>
        <line num="24" count="7" type="stmt"/>
        <line num="25" count="7" type="stmt"/>
        <line num="27" count="7" type="stmt"/>
        <line num="28" count="30" type="stmt"/>
        <line num="30" count="27" type="stmt"/>
        <line num="33" count="3" type="stmt"/>
        <line num="36" count="30" type="stmt"/>
        <line num="38" count="30" type="stmt"/>
        <line num="39" count="30" type="stmt"/>
        <line num="41" count="30" type="cond" truecount="2" falsecount="0"/>
        <line num="42" count="15" type="stmt"/>
        <line num="45" count="7" type="stmt"/>
      </file>
      <file name="exercise-02.js" path="/Users/verk/Documents/WebDev/Javascript/exercises-js/src/exercise-02.js">
        <metrics statements="9" coveredstatements="9" conditionals="4" coveredconditionals="3" methods="4" coveredmethods="2"/>
        <line num="1" count="1" type="stmt"/>
        <line num="11" count="5" type="stmt"/>
        <line num="12" count="16" type="stmt"/>
        <line num="13" count="16" type="stmt"/>
        <line num="14" count="4" type="stmt"/>
        <line num="16" count="12" type="cond" truecount="1" falsecount="1"/>
        <line num="17" count="12" type="cond" truecount="2" falsecount="0"/>
        <line num="18" count="12" type="stmt"/>
        <line num="22" count="1" type="stmt"/>
      </file>
      <file name="exercise-03.js" path="/Users/verk/Documents/WebDev/Javascript/exercises-js/src/exercise-03.js">
        <metrics statements="7" coveredstatements="7" conditionals="0" coveredconditionals="0" methods="2" coveredmethods="2"/>
        <line num="1" count="1" type="stmt"/>
        <line num="3" count="1" type="stmt"/>
        <line num="5" count="3" type="stmt"/>
        <line num="6" count="3" type="stmt"/>
        <line num="7" count="3" type="stmt"/>
        <line num="9" count="3" type="stmt"/>
        <line num="10" count="3" type="stmt"/>
      </file>
    </package>
    <package name="src.__test__.__mock__">
      <metrics statements="8" coveredstatements="8" conditionals="4" coveredconditionals="4" methods="5" coveredmethods="5"/>
      <file name="exercise-01.mock.js" path="/Users/verk/Documents/WebDev/Javascript/exercises-js/src/__test__/__mock__/exercise-01.mock.js">
        <metrics statements="2" coveredstatements="2" conditionals="2" coveredconditionals="2" methods="3" coveredmethods="3"/>
        <line num="1" count="26" type="stmt"/>
        <line num="2" count="30" type="cond" truecount="2" falsecount="0"/>
      </file>
      <file name="exercise-02.mock.js" path="/Users/verk/Documents/WebDev/Javascript/exercises-js/src/__test__/__mock__/exercise-02.mock.js">
        <metrics statements="5" coveredstatements="5" conditionals="2" coveredconditionals="2" methods="2" coveredmethods="2"/>
        <line num="2" count="5" type="stmt"/>
        <line num="3" count="5" type="stmt"/>
        <line num="4" count="16" type="stmt"/>
        <line num="5" count="16" type="cond" truecount="2" falsecount="0"/>
        <line num="6" count="12" type="stmt"/>
      </file>
      <file name="exercise-03.mock.js" path="/Users/verk/Documents/WebDev/Javascript/exercises-js/src/__test__/__mock__/exercise-03.mock.js">
        <metrics statements="1" coveredstatements="1" conditionals="0" coveredconditionals="0" methods="0" coveredmethods="0"/>
        <line num="1" count="1" type="stmt"/>
      </file>
    </package>
  </project>
</coverage>
