{"/Users/verk/Documents/WebDev/Javascript/exercises-js/src/exercise-01.js": {"path":"/Users/verk/Documents/WebDev/Javascript/exercises-js/src/exercise-01.js","statementMap":{"0":{"start":{"line":2,"column":33},"end":{"line":3,"column":72}},"1":{"start":{"line":2,"column":58},"end":{"line":3,"column":72}},"2":{"start":{"line":3,"column":2},"end":{"line":3,"column":72}},"3":{"start":{"line":3,"column":28},"end":{"line":3,"column":71}},"4":{"start":{"line":5,"column":21},"end":{"line":13,"column":1}},"5":{"start":{"line":15,"column":26},"end":{"line":15,"column":27}},"6":{"start":{"line":24,"column":20},"end":{"line":24,"column":22}},"7":{"start":{"line":25,"column":25},"end":{"line":25,"column":27}},"8":{"start":{"line":27,"column":2},"end":{"line":44,"column":3}},"9":{"start":{"line":28,"column":14},"end":{"line":34,"column":8}},"10":{"start":{"line":30,"column":8},"end":{"line":30,"column":25}},"11":{"start":{"line":33,"column":8},"end":{"line":33,"column":25}},"12":{"start":{"line":36,"column":4},"end":{"line":36,"column":22}},"13":{"start":{"line":38,"column":14},"end":{"line":38,"column":79}},"14":{"start":{"line":38,"column":27},"end":{"line":38,"column":78}},"15":{"start":{"line":39,"column":4},"end":{"line":39,"column":27}},"16":{"start":{"line":41,"column":4},"end":{"line":43,"column":5}},"17":{"start":{"line":42,"column":6},"end":{"line":42,"column":41}},"18":{"start":{"line":45,"column":2},"end":{"line":45,"column":32}}},"fnMap":{"0":{"name":"(anonymous_0)","decl":{"start":{"line":2,"column":33},"end":{"line":2,"column":34}},"loc":{"start":{"line":2,"column":58},"end":{"line":3,"column":72}},"line":2},"1":{"name":"(anonymous_1)","decl":{"start":{"line":2,"column":58},"end":{"line":2,"column":59}},"loc":{"start":{"line":3,"column":2},"end":{"line":3,"column":72}},"line":3},"2":{"name":"(anonymous_2)","decl":{"start":{"line":3,"column":14},"end":{"line":3,"column":15}},"loc":{"start":{"line":3,"column":28},"end":{"line":3,"column":71}},"line":3},"3":{"name":"runBatches","decl":{"start":{"line":23,"column":22},"end":{"line":23,"column":32}},"loc":{"start":{"line":23,"column":52},"end":{"line":46,"column":1}},"line":23},"4":{"name":"(anonymous_4)","decl":{"start":{"line":29,"column":12},"end":{"line":29,"column":13}},"loc":{"start":{"line":29,"column":23},"end":{"line":31,"column":7}},"line":29},"5":{"name":"(anonymous_5)","decl":{"start":{"line":32,"column":13},"end":{"line":32,"column":14}},"loc":{"start":{"line":32,"column":24},"end":{"line":34,"column":7}},"line":32},"6":{"name":"(anonymous_6)","decl":{"start":{"line":38,"column":21},"end":{"line":38,"column":22}},"loc":{"start":{"line":38,"column":27},"end":{"line":38,"column":78}},"line":38}},"branchMap":{"0":{"loc":{"start":{"line":3,"column":39},"end":{"line":3,"column":58}},"type":"cond-expr","locations":[{"start":{"line":3,"column":49},"end":{"line":3,"column":52}},{"start":{"line":3,"column":55},"end":{"line":3,"column":58}}],"line":3},"1":{"loc":{"start":{"line":41,"column":4},"end":{"line":43,"column":5}},"type":"if","locations":[{"start":{"line":41,"column":4},"end":{"line":43,"column":5}},{"start":{"line":41,"column":4},"end":{"line":43,"column":5}}],"line":41}},"s":{"0":1,"1":7,"2":0,"3":0,"4":1,"5":1,"6":7,"7":7,"8":7,"9":30,"10":27,"11":3,"12":30,"13":30,"14":30,"15":30,"16":30,"17":15,"18":7},"f":{"0":7,"1":0,"2":0,"3":7,"4":27,"5":3,"6":30},"b":{"0":[0,0],"1":[15,15]},"_coverageSchema":"1a1c01bbd47fc00a2c39e90264f33305004495a9","hash":"04788e820b9f0a5079350c27e405ce7cddc15477"}
,"/Users/verk/Documents/WebDev/Javascript/exercises-js/src/exercise-02.js": {"path":"/Users/verk/Documents/WebDev/Javascript/exercises-js/src/exercise-02.js","statementMap":{"0":{"start":{"line":1,"column":24},"end":{"line":1,"column":49}},"1":{"start":{"line":1,"column":33},"end":{"line":1,"column":49}},"2":{"start":{"line":1,"column":39},"end":{"line":1,"column":49}},"3":{"start":{"line":11,"column":2},"end":{"line":21,"column":3}},"4":{"start":{"line":11,"column":15},"end":{"line":11,"column":16}},"5":{"start":{"line":12,"column":4},"end":{"line":20,"column":5}},"6":{"start":{"line":13,"column":18},"end":{"line":13,"column":28}},"7":{"start":{"line":14,"column":6},"end":{"line":14,"column":17}},"8":{"start":{"line":16,"column":6},"end":{"line":19,"column":7}},"9":{"start":{"line":17,"column":8},"end":{"line":17,"column":68}},"10":{"start":{"line":18,"column":8},"end":{"line":18,"column":64}},"11":{"start":{"line":18,"column":33},"end":{"line":18,"column":62}},"12":{"start":{"line":22,"column":2},"end":{"line":22,"column":42}}},"fnMap":{"0":{"name":"(anonymous_0)","decl":{"start":{"line":1,"column":24},"end":{"line":1,"column":25}},"loc":{"start":{"line":1,"column":33},"end":{"line":1,"column":49}},"line":1},"1":{"name":"(anonymous_1)","decl":{"start":{"line":1,"column":33},"end":{"line":1,"column":34}},"loc":{"start":{"line":1,"column":39},"end":{"line":1,"column":49}},"line":1},"2":{"name":"queryRetry","decl":{"start":{"line":10,"column":22},"end":{"line":10,"column":32}},"loc":{"start":{"line":10,"column":70},"end":{"line":23,"column":1}},"line":10},"3":{"name":"(anonymous_3)","decl":{"start":{"line":18,"column":26},"end":{"line":18,"column":27}},"loc":{"start":{"line":18,"column":33},"end":{"line":18,"column":62}},"line":18}},"branchMap":{"0":{"loc":{"start":{"line":16,"column":6},"end":{"line":19,"column":7}},"type":"if","locations":[{"start":{"line":16,"column":6},"end":{"line":19,"column":7}},{"start":{"line":16,"column":6},"end":{"line":19,"column":7}}],"line":16},"1":{"loc":{"start":{"line":17,"column":8},"end":{"line":17,"column":67}},"type":"cond-expr","locations":[{"start":{"line":17,"column":17},"end":{"line":17,"column":49}},{"start":{"line":17,"column":53},"end":{"line":17,"column":67}}],"line":17}},"s":{"0":1,"1":0,"2":0,"3":5,"4":5,"5":16,"6":16,"7":4,"8":12,"9":12,"10":12,"11":12,"12":1},"f":{"0":0,"1":0,"2":5,"3":12},"b":{"0":[12,0],"1":[6,6]},"_coverageSchema":"1a1c01bbd47fc00a2c39e90264f33305004495a9","hash":"8d1c0911e5d80c6f4cd0b34ba76297e17da52801"}
,"/Users/verk/Documents/WebDev/Javascript/exercises-js/src/exercise-03.js": {"path":"/Users/verk/Documents/WebDev/Javascript/exercises-js/src/exercise-03.js","statementMap":{"0":{"start":{"line":1,"column":24},"end":{"line":1,"column":66}},"1":{"start":{"line":3,"column":32},"end":{"line":11,"column":1}},"2":{"start":{"line":5,"column":17},"end":{"line":8,"column":4}},"3":{"start":{"line":6,"column":4},"end":{"line":6,"column":20}},"4":{"start":{"line":7,"column":4},"end":{"line":7,"column":48}},"5":{"start":{"line":9,"column":2},"end":{"line":9,"column":25}},"6":{"start":{"line":10,"column":2},"end":{"line":10,"column":16}}},"fnMap":{"0":{"name":"(anonymous_0)","decl":{"start":{"line":3,"column":32},"end":{"line":3,"column":33}},"loc":{"start":{"line":3,"column":46},"end":{"line":11,"column":1}},"line":3},"1":{"name":"(anonymous_1)","decl":{"start":{"line":5,"column":29},"end":{"line":5,"column":30}},"loc":{"start":{"line":5,"column":50},"end":{"line":8,"column":3}},"line":5}},"branchMap":{},"s":{"0":1,"1":1,"2":3,"3":3,"4":3,"5":3,"6":3},"f":{"0":3,"1":3},"b":{},"_coverageSchema":"1a1c01bbd47fc00a2c39e90264f33305004495a9","hash":"56a41377712b5e2d74e24c4648e89fe2bd37e3f8"}
,"/Users/verk/Documents/WebDev/Javascript/exercises-js/src/__test__/__mock__/exercise-01.mock.js": {"path":"/Users/verk/Documents/WebDev/Javascript/exercises-js/src/__test__/__mock__/exercise-01.mock.js","statementMap":{"0":{"start":{"line":1,"column":31},"end":{"line":2,"column":72}},"1":{"start":{"line":1,"column":56},"end":{"line":2,"column":72}},"2":{"start":{"line":2,"column":2},"end":{"line":2,"column":72}},"3":{"start":{"line":2,"column":28},"end":{"line":2,"column":71}}},"fnMap":{"0":{"name":"(anonymous_0)","decl":{"start":{"line":1,"column":31},"end":{"line":1,"column":32}},"loc":{"start":{"line":1,"column":56},"end":{"line":2,"column":72}},"line":1},"1":{"name":"(anonymous_1)","decl":{"start":{"line":1,"column":56},"end":{"line":1,"column":57}},"loc":{"start":{"line":2,"column":2},"end":{"line":2,"column":72}},"line":2},"2":{"name":"(anonymous_2)","decl":{"start":{"line":2,"column":14},"end":{"line":2,"column":15}},"loc":{"start":{"line":2,"column":28},"end":{"line":2,"column":71}},"line":2}},"branchMap":{"0":{"loc":{"start":{"line":2,"column":39},"end":{"line":2,"column":58}},"type":"cond-expr","locations":[{"start":{"line":2,"column":49},"end":{"line":2,"column":52}},{"start":{"line":2,"column":55},"end":{"line":2,"column":58}}],"line":2}},"s":{"0":1,"1":26,"2":30,"3":30},"f":{"0":26,"1":30,"2":30},"b":{"0":[27,3]},"_coverageSchema":"1a1c01bbd47fc00a2c39e90264f33305004495a9","hash":"dd395d2661e14145dd7da5efe5a6647d12c92cd1"}
,"/Users/verk/Documents/WebDev/Javascript/exercises-js/src/__test__/__mock__/exercise-02.mock.js": {"path":"/Users/verk/Documents/WebDev/Javascript/exercises-js/src/__test__/__mock__/exercise-02.mock.js","statementMap":{"0":{"start":{"line":2,"column":15},"end":{"line":2,"column":25}},"1":{"start":{"line":3,"column":2},"end":{"line":7,"column":4}},"2":{"start":{"line":4,"column":17},"end":{"line":4,"column":34}},"3":{"start":{"line":5,"column":4},"end":{"line":6,"column":32}},"4":{"start":{"line":5,"column":21},"end":{"line":5,"column":45}},"5":{"start":{"line":6,"column":9},"end":{"line":6,"column":32}}},"fnMap":{"0":{"name":"oneSecondsPassed","decl":{"start":{"line":1,"column":16},"end":{"line":1,"column":32}},"loc":{"start":{"line":1,"column":35},"end":{"line":8,"column":1}},"line":1},"1":{"name":"(anonymous_1)","decl":{"start":{"line":3,"column":9},"end":{"line":3,"column":10}},"loc":{"start":{"line":3,"column":15},"end":{"line":7,"column":3}},"line":3}},"branchMap":{"0":{"loc":{"start":{"line":5,"column":4},"end":{"line":6,"column":32}},"type":"if","locations":[{"start":{"line":5,"column":4},"end":{"line":6,"column":32}},{"start":{"line":5,"column":4},"end":{"line":6,"column":32}}],"line":5}},"s":{"0":5,"1":5,"2":16,"3":16,"4":4,"5":12},"f":{"0":5,"1":16},"b":{"0":[4,12]},"_coverageSchema":"1a1c01bbd47fc00a2c39e90264f33305004495a9","hash":"30cb529b5300cc22b35ba7efd2ddcc952f462797"}
,"/Users/verk/Documents/WebDev/Javascript/exercises-js/src/__test__/__mock__/exercise-03.mock.js": {"path":"/Users/verk/Documents/WebDev/Javascript/exercises-js/src/__test__/__mock__/exercise-03.mock.js","statementMap":{"0":{"start":{"line":1,"column":28},"end":{"line":35,"column":1}}},"fnMap":{},"branchMap":{},"s":{"0":1},"f":{},"b":{},"_coverageSchema":"1a1c01bbd47fc00a2c39e90264f33305004495a9","hash":"3ee000687ec2daf270ff345e2007652871590283"}
}
