TN:
SF:src/exercise-01.js
FN:2,(anonymous_0)
FN:2,(anonymous_1)
FN:3,(anonymous_2)
FN:23,runBatches
FN:29,(anonymous_4)
FN:32,(anonymous_5)
FN:38,(anonymous_6)
FNF:7
FNH:5
FNDA:7,(anonymous_0)
FNDA:0,(anonymous_1)
FNDA:0,(anonymous_2)
FNDA:7,runBatches
FNDA:27,(anonymous_4)
FNDA:3,(anonymous_5)
FNDA:30,(anonymous_6)
DA:2,7
DA:3,0
DA:5,1
DA:15,1
DA:24,7
DA:25,7
DA:27,7
DA:28,30
DA:30,27
DA:33,3
DA:36,30
DA:38,30
DA:39,30
DA:41,30
DA:42,15
DA:45,7
LF:16
LH:15
BRDA:3,0,0,0
BRDA:3,0,1,0
BRDA:41,1,0,15
BRDA:41,1,1,15
BRF:4
BRH:2
end_of_record
TN:
SF:src/exercise-02.js
FN:1,(anonymous_0)
FN:1,(anonymous_1)
FN:10,queryRetry
FN:18,(anonymous_3)
FNF:4
FNH:2
FNDA:0,(anonymous_0)
FNDA:0,(anonymous_1)
FNDA:5,queryRetry
FNDA:12,(anonymous_3)
DA:1,1
DA:11,5
DA:12,16
DA:13,16
DA:14,4
DA:16,12
DA:17,12
DA:18,12
DA:22,1
LF:9
LH:9
BRDA:16,0,0,12
BRDA:16,0,1,0
BRDA:17,1,0,6
BRDA:17,1,1,6
BRF:4
BRH:3
end_of_record
TN:
SF:src/exercise-03.js
FN:3,(anonymous_0)
FN:5,(anonymous_1)
FNF:2
FNH:2
FNDA:3,(anonymous_0)
FNDA:3,(anonymous_1)
DA:1,1
DA:3,1
DA:5,3
DA:6,3
DA:7,3
DA:9,3
DA:10,3
LF:7
LH:7
BRF:0
BRH:0
end_of_record
TN:
SF:src/__test__/__mock__/exercise-01.mock.js
FN:1,(anonymous_0)
FN:1,(anonymous_1)
FN:2,(anonymous_2)
FNF:3
FNH:3
FNDA:26,(anonymous_0)
FNDA:30,(anonymous_1)
FNDA:30,(anonymous_2)
DA:1,26
DA:2,30
LF:2
LH:2
BRDA:2,0,0,27
BRDA:2,0,1,3
BRF:2
BRH:2
end_of_record
TN:
SF:src/__test__/__mock__/exercise-02.mock.js
FN:1,oneSecondsPassed
FN:3,(anonymous_1)
FNF:2
FNH:2
FNDA:5,oneSecondsPassed
FNDA:16,(anonymous_1)
DA:2,5
DA:3,5
DA:4,16
DA:5,16
DA:6,12
LF:5
LH:5
BRDA:5,0,0,4
BRDA:5,0,1,12
BRF:2
BRH:2
end_of_record
TN:
SF:src/__test__/__mock__/exercise-03.mock.js
FNF:0
FNH:0
DA:1,1
LF:1
LH:1
BRF:0
BRH:0
end_of_record
